;  LST file generated by mikroListExporter - v.2.0 
; Date/Time: 28.01.2022 11:56:44
;----------------------------------------------

;Address Opcode 	ASM
0x0000	0x2803      	GOTO       3
_main:
;picblinker.mpas,5 :: 		begin
;picblinker.mpas,7 :: 		TRISA := 0;  // TRISA register (data direction)  0 = OUTPUT
0x0003	0x0186      	CLRF       TRISA
;picblinker.mpas,8 :: 		PORTA := 0;  // PORTA register (reads the levels on the pins oft he device)
0x0004	0x0185      	CLRF       PORTA
;picblinker.mpas,9 :: 		LATA  := 0;  // LATA register (output latch) all OUTPUTS to 0
0x0005	0x0187      	CLRF       LATA
;picblinker.mpas,11 :: 		while true do
L__main2:
;picblinker.mpas,13 :: 		LATA.0 := 1;
0x0006	0x1407      	BSF        LATA, 0
;picblinker.mpas,14 :: 		LATA.1 := 1;
0x0007	0x1487      	BSF        LATA, 1
;picblinker.mpas,15 :: 		LATA.2 := 1;
0x0008	0x1507      	BSF        LATA, 2
;picblinker.mpas,16 :: 		LATA.0 := 0;
0x0009	0x1007      	BCF        LATA, 0
;picblinker.mpas,17 :: 		LATA.1 := 0;
0x000A	0x1087      	BCF        LATA, 1
;picblinker.mpas,18 :: 		LATA.2 := 0;
0x000B	0x1107      	BCF        LATA, 2
;picblinker.mpas,19 :: 		end;
0x000C	0x2806      	GOTO       L__main2
;picblinker.mpas,23 :: 		end.
L_end_main:
0x000D	0x280D      	GOTO       $+0
; end of _main
Symbol List:
//** Routines locations **
//ADDRESS    SIZE    PROCEDURE
//----------------------------------------------
0x0003      [11]    _main
//** Variables locations ** 
//ADDRESS    SIZE    VARIABLE
//----------------------------------------------
0x0005       [1]    PORTA
0x0006       [1]    TRISA
0x0007       [1]    LATA
0x0070       [1]    R0
0x0071       [1]    R1
0x0072       [1]    R2
0x0073       [1]    R3
0x0074       [1]    R4
0x0075       [1]    R5
0x0076       [1]    R6
0x0077       [1]    R7
0x0078       [1]    R8
0x0079       [1]    R9
0x007A       [1]    R10
0x007B       [1]    R11
0x007C       [1]    R12
0x007D       [1]    R13
0x007E       [1]    R14
0x007F       [1]    R15
